PCAD Importer Log
Project : 3-644615-6.LibPkg

Section : C:\Users\amann\Downloads\3-644615-6\3-644615-6.lia
    Section : PCB Library - 3-644615-6.PcbLib
        Section : Load Messages
            Warning - 1 : Skipping Token 3-644615-6 On Line 150
            Warning - 1 : Skipping Token attachedSymbol On Line 240
        EndSection

        Section : Import Messages
        EndSection
    EndSection

    Section : SCH Library - 3-644615-6.SchLib
        Section : Parsing Messages
            Warning - 1 : Skipping Token padStyleDef On Line 9
            Warning - 1 : Skipping Token padStyleDef On Line 20
            Warning - 1 : Skipping Token padStyleDef On Line 32
            Warning - 1 : Skipping Token multiLayer On Line 107
            Warning - 1 : Skipping Token layerContents On Line 117
            Warning - 1 : Skipping Token layerContents On Line 124
            Warning - 1 : Skipping Token layerContents On Line 130
            Warning - 1 : Skipping Token layerContents On Line 139
        EndSection

        Section : Generating SCH Library - 3-644615-6.SchLib
        EndSection
    EndSection
EndSection
