Removed Pin From Net: NetName=NetDRV_14 Pin=Pinger-1
Removed Pin From Net: NetName=NetDRV_13 Pin=Pinger-2
Removed Member From Class: ClassName=U_DRV2700 Member=C1
Removed Member From Class: ClassName=U_DRV2700 Member=C2
Removed Member From Class: ClassName=U_DRV2700 Member=C3
Removed Member From Class: ClassName=U_DRV2700 Member=C4
Removed Member From Class: ClassName=U_DRV2700 Member=C5
Change Component Designator: OldDesignator=C1 NewDesignator=DVR-C3
Change Component Designator: OldDesignator=C2 NewDesignator=DVR-C4
Change Component Designator: OldDesignator=C3 NewDesignator=DVR-C5
Change Component Designator: OldDesignator=C4 NewDesignator=DVR-C2
Change Component Designator: OldDesignator=C5 NewDesignator=DVR-C1
Added Component: Designator=P1(*JST_XHP-2)
Add component. Clean all parameters for all variants
Add component (AddParameter): Name = "LatestRevisionDate"; Value = "17-Jul-2002"; VariantName = "[No Variations]"
Add component (AddParameter): Name = "LatestRevisionNote"; Value = "Re-released for DXP Platform."; VariantName = "[No Variations]"
Add component (AddParameter): Name = "Publisher"; Value = "Altium Limited"; VariantName = "[No Variations]"
Added Pin To Net: NetName=NetDRV_13 Pin=P1-1
Added Pin To Net: NetName=NetDRV_14 Pin=P1-2
Change Net Name : Old Net Name=Net3-Cell Bat_1 New Net Name=NetBat_1
Change Net Name : Old Net Name=NetC1_2 New Net Name=NetDVR-C3_2
Change Net Name : Old Net Name=NetC2_2 New Net Name=NetDRV_17
Change Net Name : Old Net Name=NetC3_2 New Net Name=NetDRV_16
Change Net Name : Old Net Name=NetC4_2 New Net Name=NetDRV_1
Added Pin To Net: NetName=NetC3_2 Pin=C3-2
Added Pin To Net: NetName=NetC3_2 Pin=DEBUG-6
Added Pin To Net: NetName=NetC3_2 Pin=STM-4
Added Net: Name=NetC3_2
Added Member To Class: ClassName=U_MicroController Member=Component DEBUG SWD_DEBUGGER
Added Member To Class: ClassName=U_DRV2700 Member=Component DVR-C1 +10V rating and X5R or X7R
Added Member To Class: ClassName=U_DRV2700 Member=Component DVR-C2 +10V rating and X5R or X7R
Added Member To Class: ClassName=U_DRV2700 Member=Component DVR-C3 Cap
Added Member To Class: ClassName=U_DRV2700 Member=Component DVR-C4 Cap
Added Member To Class: ClassName=U_DRV2700 Member=Component DVR-C5 Cap
Added Member To Class: ClassName=U_DRV2700 Member=Component P1 Pinger
Added Room: Name=Master Schematic Sheet
Added Room: Name=U_DRV2700
Added Room: Name=U_MicroController
